{"/Users/martinlundqvist/traders-of-the-league/gameserver/src/game-engine/tests/testData.ts": {"path":"/Users/martinlundqvist/traders-of-the-league/gameserver/src/game-engine/tests/testData.ts","statementMap":{"0":{"start":{"line":3,"column":13},"end":{"line":385,"column":2}}},"fnMap":{},"branchMap":{},"s":{"0":1},"f":{},"b":{}}
,"/Users/martinlundqvist/traders-of-the-league/gameserver/src/game-engine/utils/achievementFunctions.ts": {"path":"/Users/martinlundqvist/traders-of-the-league/gameserver/src/game-engine/utils/achievementFunctions.ts","statementMap":{"0":{"start":{"line":26,"column":56},"end":{"line":42,"column":1}},"1":{"start":{"line":27,"column":22},"end":{"line":27,"column":54}},"2":{"start":{"line":28,"column":2},"end":{"line":28,"column":22}},"3":{"start":{"line":29,"column":44},"end":{"line":29,"column":61}},"4":{"start":{"line":31,"column":2},"end":{"line":39,"column":5}},"5":{"start":{"line":33,"column":21},"end":{"line":33,"column":74}},"6":{"start":{"line":33,"column":49},"end":{"line":33,"column":73}},"7":{"start":{"line":35,"column":4},"end":{"line":38,"column":null}},"8":{"start":{"line":36,"column":6},"end":{"line":36,"column":35}},"9":{"start":{"line":37,"column":6},"end":{"line":37,"column":48}},"10":{"start":{"line":41,"column":2},"end":{"line":41,"column":42}},"11":{"start":{"line":26,"column":13},"end":{"line":26,"column":56}},"12":{"start":{"line":44,"column":55},"end":{"line":65,"column":1}},"13":{"start":{"line":45,"column":22},"end":{"line":45,"column":54}},"14":{"start":{"line":46,"column":2},"end":{"line":46,"column":22}},"15":{"start":{"line":47,"column":44},"end":{"line":47,"column":57}},"16":{"start":{"line":49,"column":32},"end":{"line":49,"column":34}},"17":{"start":{"line":50,"column":2},"end":{"line":53,"column":null}},"18":{"start":{"line":51,"column":4},"end":{"line":51,"column":40}},"19":{"start":{"line":52,"column":4},"end":{"line":52,"column":40}},"20":{"start":{"line":55,"column":2},"end":{"line":62,"column":5}},"21":{"start":{"line":57,"column":21},"end":{"line":57,"column":67}},"22":{"start":{"line":57,"column":51},"end":{"line":57,"column":66}},"23":{"start":{"line":58,"column":4},"end":{"line":60,"column":null}},"24":{"start":{"line":59,"column":6},"end":{"line":59,"column":47}},"25":{"start":{"line":61,"column":4},"end":{"line":61,"column":56}},"26":{"start":{"line":64,"column":2},"end":{"line":64,"column":42}},"27":{"start":{"line":44,"column":13},"end":{"line":44,"column":55}},"28":{"start":{"line":67,"column":59},"end":{"line":103,"column":1}},"29":{"start":{"line":68,"column":22},"end":{"line":68,"column":54}},"30":{"start":{"line":69,"column":2},"end":{"line":69,"column":22}},"31":{"start":{"line":71,"column":44},"end":{"line":71,"column":61}},"32":{"start":{"line":73,"column":2},"end":{"line":94,"column":5}},"33":{"start":{"line":74,"column":22},"end":{"line":74,"column":27}},"34":{"start":{"line":77,"column":21},"end":{"line":77,"column":77}},"35":{"start":{"line":77,"column":49},"end":{"line":77,"column":76}},"36":{"start":{"line":79,"column":4},"end":{"line":82,"column":null}},"37":{"start":{"line":80,"column":6},"end":{"line":80,"column":25}},"38":{"start":{"line":81,"column":6},"end":{"line":81,"column":35}},"39":{"start":{"line":84,"column":4},"end":{"line":84,"column":74}},"40":{"start":{"line":84,"column":45},"end":{"line":84,"column":72}},"41":{"start":{"line":86,"column":4},"end":{"line":89,"column":null}},"42":{"start":{"line":87,"column":6},"end":{"line":87,"column":25}},"43":{"start":{"line":88,"column":6},"end":{"line":88,"column":35}},"44":{"start":{"line":91,"column":4},"end":{"line":93,"column":null}},"45":{"start":{"line":92,"column":6},"end":{"line":92,"column":48}},"46":{"start":{"line":96,"column":2},"end":{"line":100,"column":4}},"47":{"start":{"line":102,"column":2},"end":{"line":102,"column":42}},"48":{"start":{"line":67,"column":13},"end":{"line":67,"column":59}},"49":{"start":{"line":104,"column":60},"end":{"line":124,"column":1}},"50":{"start":{"line":108,"column":22},"end":{"line":108,"column":54}},"51":{"start":{"line":109,"column":2},"end":{"line":109,"column":22}},"52":{"start":{"line":111,"column":44},"end":{"line":111,"column":61}},"53":{"start":{"line":113,"column":2},"end":{"line":121,"column":5}},"54":{"start":{"line":115,"column":21},"end":{"line":115,"column":75}},"55":{"start":{"line":115,"column":49},"end":{"line":115,"column":74}},"56":{"start":{"line":117,"column":4},"end":{"line":120,"column":null}},"57":{"start":{"line":118,"column":6},"end":{"line":118,"column":35}},"58":{"start":{"line":119,"column":6},"end":{"line":119,"column":48}},"59":{"start":{"line":123,"column":2},"end":{"line":123,"column":42}},"60":{"start":{"line":104,"column":13},"end":{"line":104,"column":60}},"61":{"start":{"line":126,"column":58},"end":{"line":133,"column":1}},"62":{"start":{"line":127,"column":22},"end":{"line":127,"column":51}},"63":{"start":{"line":128,"column":44},"end":{"line":130,"column":4}},"64":{"start":{"line":132,"column":2},"end":{"line":132,"column":42}},"65":{"start":{"line":126,"column":13},"end":{"line":126,"column":58}},"66":{"start":{"line":135,"column":24},"end":{"line":136,"column":44}},"67":{"start":{"line":136,"column":2},"end":{"line":136,"column":44}},"68":{"start":{"line":136,"column":30},"end":{"line":136,"column":40}},"69":{"start":{"line":135,"column":13},"end":{"line":135,"column":24}},"70":{"start":{"line":138,"column":23},"end":{"line":139,"column":37}},"71":{"start":{"line":139,"column":2},"end":{"line":139,"column":37}},"72":{"start":{"line":139,"column":28},"end":{"line":139,"column":33}},"73":{"start":{"line":138,"column":13},"end":{"line":138,"column":23}},"74":{"start":{"line":141,"column":30},"end":{"line":142,"column":74}},"75":{"start":{"line":142,"column":2},"end":{"line":142,"column":74}},"76":{"start":{"line":142,"column":31},"end":{"line":142,"column":69}},"77":{"start":{"line":144,"column":13},"end":{"line":151,"column":2}},"78":{"start":{"line":145,"column":23},"end":{"line":145,"column":54}},"79":{"start":{"line":146,"column":23},"end":{"line":146,"column":54}},"80":{"start":{"line":147,"column":23},"end":{"line":147,"column":54}},"81":{"start":{"line":148,"column":23},"end":{"line":148,"column":54}},"82":{"start":{"line":149,"column":23},"end":{"line":149,"column":54}},"83":{"start":{"line":150,"column":23},"end":{"line":150,"column":54}}},"fnMap":{"0":{"name":"(anonymous_0)","decl":{"start":{"line":26,"column":56},"end":{"line":26,"column":57}},"loc":{"start":{"line":26,"column":75},"end":{"line":42,"column":1}}},"1":{"name":"(anonymous_1)","decl":{"start":{"line":31,"column":36},"end":{"line":31,"column":37}},"loc":{"start":{"line":31,"column":49},"end":{"line":39,"column":3}}},"2":{"name":"(anonymous_2)","decl":{"start":{"line":33,"column":38},"end":{"line":33,"column":39}},"loc":{"start":{"line":33,"column":49},"end":{"line":33,"column":73}}},"3":{"name":"(anonymous_3)","decl":{"start":{"line":44,"column":55},"end":{"line":44,"column":56}},"loc":{"start":{"line":44,"column":74},"end":{"line":65,"column":1}}},"4":{"name":"(anonymous_4)","decl":{"start":{"line":55,"column":17},"end":{"line":55,"column":18}},"loc":{"start":{"line":55,"column":34},"end":{"line":62,"column":3}}},"5":{"name":"(anonymous_5)","decl":{"start":{"line":57,"column":40},"end":{"line":57,"column":41}},"loc":{"start":{"line":57,"column":51},"end":{"line":57,"column":66}}},"6":{"name":"(anonymous_6)","decl":{"start":{"line":67,"column":59},"end":{"line":67,"column":60}},"loc":{"start":{"line":67,"column":78},"end":{"line":103,"column":1}}},"7":{"name":"(anonymous_7)","decl":{"start":{"line":73,"column":36},"end":{"line":73,"column":37}},"loc":{"start":{"line":73,"column":49},"end":{"line":94,"column":3}}},"8":{"name":"(anonymous_8)","decl":{"start":{"line":77,"column":38},"end":{"line":77,"column":39}},"loc":{"start":{"line":77,"column":49},"end":{"line":77,"column":76}}},"9":{"name":"(anonymous_9)","decl":{"start":{"line":84,"column":34},"end":{"line":84,"column":35}},"loc":{"start":{"line":84,"column":45},"end":{"line":84,"column":72}}},"10":{"name":"(anonymous_10)","decl":{"start":{"line":104,"column":60},"end":{"line":104,"column":null}},"loc":{"start":{"line":107,"column":4},"end":{"line":124,"column":1}}},"11":{"name":"(anonymous_11)","decl":{"start":{"line":113,"column":36},"end":{"line":113,"column":37}},"loc":{"start":{"line":113,"column":49},"end":{"line":121,"column":3}}},"12":{"name":"(anonymous_12)","decl":{"start":{"line":115,"column":38},"end":{"line":115,"column":39}},"loc":{"start":{"line":115,"column":49},"end":{"line":115,"column":74}}},"13":{"name":"(anonymous_13)","decl":{"start":{"line":126,"column":58},"end":{"line":126,"column":59}},"loc":{"start":{"line":126,"column":77},"end":{"line":133,"column":1}}},"14":{"name":"(anonymous_14)","decl":{"start":{"line":135,"column":24},"end":{"line":135,"column":25}},"loc":{"start":{"line":136,"column":2},"end":{"line":136,"column":44}}},"15":{"name":"(anonymous_15)","decl":{"start":{"line":136,"column":15},"end":{"line":136,"column":16}},"loc":{"start":{"line":136,"column":30},"end":{"line":136,"column":40}}},"16":{"name":"(anonymous_16)","decl":{"start":{"line":138,"column":23},"end":{"line":138,"column":24}},"loc":{"start":{"line":139,"column":2},"end":{"line":139,"column":37}}},"17":{"name":"(anonymous_17)","decl":{"start":{"line":139,"column":18},"end":{"line":139,"column":19}},"loc":{"start":{"line":139,"column":28},"end":{"line":139,"column":33}}},"18":{"name":"(anonymous_18)","decl":{"start":{"line":141,"column":30},"end":{"line":141,"column":31}},"loc":{"start":{"line":142,"column":2},"end":{"line":142,"column":74}}},"19":{"name":"(anonymous_19)","decl":{"start":{"line":142,"column":15},"end":{"line":142,"column":16}},"loc":{"start":{"line":142,"column":31},"end":{"line":142,"column":69}}},"20":{"name":"(anonymous_20)","decl":{"start":{"line":145,"column":2},"end":{"line":145,"column":3}},"loc":{"start":{"line":145,"column":23},"end":{"line":145,"column":54}}},"21":{"name":"(anonymous_21)","decl":{"start":{"line":146,"column":2},"end":{"line":146,"column":3}},"loc":{"start":{"line":146,"column":23},"end":{"line":146,"column":54}}},"22":{"name":"(anonymous_22)","decl":{"start":{"line":147,"column":2},"end":{"line":147,"column":3}},"loc":{"start":{"line":147,"column":23},"end":{"line":147,"column":54}}},"23":{"name":"(anonymous_23)","decl":{"start":{"line":148,"column":2},"end":{"line":148,"column":3}},"loc":{"start":{"line":148,"column":23},"end":{"line":148,"column":54}}},"24":{"name":"(anonymous_24)","decl":{"start":{"line":149,"column":2},"end":{"line":149,"column":3}},"loc":{"start":{"line":149,"column":23},"end":{"line":149,"column":54}}},"25":{"name":"(anonymous_25)","decl":{"start":{"line":150,"column":2},"end":{"line":150,"column":3}},"loc":{"start":{"line":150,"column":23},"end":{"line":150,"column":54}}}},"branchMap":{"0":{"loc":{"start":{"line":35,"column":4},"end":{"line":38,"column":null}},"type":"if","locations":[{"start":{"line":35,"column":4},"end":{"line":38,"column":null}}]},"1":{"loc":{"start":{"line":58,"column":4},"end":{"line":60,"column":null}},"type":"if","locations":[{"start":{"line":58,"column":4},"end":{"line":60,"column":null}}]},"2":{"loc":{"start":{"line":58,"column":8},"end":{"line":58,"column":39}},"type":"binary-expr","locations":[{"start":{"line":58,"column":8},"end":{"line":58,"column":16}},{"start":{"line":58,"column":20},"end":{"line":58,"column":39}}]},"3":{"loc":{"start":{"line":61,"column":25},"end":{"line":61,"column":55}},"type":"cond-expr","locations":[{"start":{"line":61,"column":36},"end":{"line":61,"column":51}},{"start":{"line":61,"column":54},"end":{"line":61,"column":55}}]},"4":{"loc":{"start":{"line":79,"column":4},"end":{"line":82,"column":null}},"type":"if","locations":[{"start":{"line":79,"column":4},"end":{"line":82,"column":null}}]},"5":{"loc":{"start":{"line":86,"column":4},"end":{"line":89,"column":null}},"type":"if","locations":[{"start":{"line":86,"column":4},"end":{"line":89,"column":null}}]},"6":{"loc":{"start":{"line":91,"column":4},"end":{"line":93,"column":null}},"type":"if","locations":[{"start":{"line":91,"column":4},"end":{"line":93,"column":null}}]},"7":{"loc":{"start":{"line":117,"column":4},"end":{"line":120,"column":null}},"type":"if","locations":[{"start":{"line":117,"column":4},"end":{"line":120,"column":null}}]},"8":{"loc":{"start":{"line":142,"column":31},"end":{"line":142,"column":69}},"type":"cond-expr","locations":[{"start":{"line":142,"column":44},"end":{"line":142,"column":52}},{"start":{"line":142,"column":57},"end":{"line":142,"column":68}}]}},"s":{"0":1,"1":4,"2":4,"3":4,"4":4,"5":36,"6":43,"7":36,"8":12,"9":12,"10":4,"11":1,"12":1,"13":3,"14":3,"15":3,"16":3,"17":3,"18":27,"19":27,"20":3,"21":4,"22":72,"23":4,"24":3,"25":4,"26":3,"27":1,"28":1,"29":3,"30":3,"31":3,"32":3,"33":27,"34":27,"35":36,"36":27,"37":4,"38":4,"39":27,"40":33,"41":27,"42":4,"43":4,"44":27,"45":7,"46":3,"47":3,"48":1,"49":1,"50":3,"51":3,"52":3,"53":3,"54":27,"55":24,"56":27,"57":9,"58":9,"59":3,"60":1,"61":1,"62":1,"63":1,"64":1,"65":1,"66":1,"67":0,"68":0,"69":1,"70":1,"71":0,"72":0,"73":1,"74":1,"75":0,"76":0,"77":1,"78":0,"79":0,"80":0,"81":0,"82":0,"83":0},"f":{"0":4,"1":36,"2":43,"3":3,"4":4,"5":72,"6":3,"7":27,"8":36,"9":33,"10":3,"11":27,"12":24,"13":1,"14":0,"15":0,"16":0,"17":0,"18":0,"19":0,"20":0,"21":0,"22":0,"23":0,"24":0,"25":0},"b":{"0":[12],"1":[3],"2":[4,4],"3":[4,0],"4":[4],"5":[4],"6":[7],"7":[9],"8":[0,0]}}
}
