TN:
SF:src/game-engine/tests/testData.ts
FNF:0
FNH:0
DA:3,1
LF:1
LH:1
BRF:0
BRH:0
end_of_record
TN:
SF:src/game-engine/utils/achievementFunctions.ts
FN:26,(anonymous_0)
FN:31,(anonymous_1)
FN:33,(anonymous_2)
FN:44,(anonymous_3)
FN:55,(anonymous_4)
FN:57,(anonymous_5)
FN:67,(anonymous_6)
FN:73,(anonymous_7)
FN:77,(anonymous_8)
FN:84,(anonymous_9)
FN:104,(anonymous_10)
FN:113,(anonymous_11)
FN:115,(anonymous_12)
FN:126,(anonymous_13)
FN:135,(anonymous_14)
FN:136,(anonymous_15)
FN:138,(anonymous_16)
FN:139,(anonymous_17)
FN:141,(anonymous_18)
FN:142,(anonymous_19)
FN:145,(anonymous_20)
FN:146,(anonymous_21)
FN:147,(anonymous_22)
FN:148,(anonymous_23)
FN:149,(anonymous_24)
FN:150,(anonymous_25)
FNF:26
FNH:14
FNDA:4,(anonymous_0)
FNDA:36,(anonymous_1)
FNDA:43,(anonymous_2)
FNDA:3,(anonymous_3)
FNDA:4,(anonymous_4)
FNDA:72,(anonymous_5)
FNDA:3,(anonymous_6)
FNDA:27,(anonymous_7)
FNDA:36,(anonymous_8)
FNDA:33,(anonymous_9)
FNDA:3,(anonymous_10)
FNDA:27,(anonymous_11)
FNDA:24,(anonymous_12)
FNDA:1,(anonymous_13)
FNDA:0,(anonymous_14)
FNDA:0,(anonymous_15)
FNDA:0,(anonymous_16)
FNDA:0,(anonymous_17)
FNDA:0,(anonymous_18)
FNDA:0,(anonymous_19)
FNDA:0,(anonymous_20)
FNDA:0,(anonymous_21)
FNDA:0,(anonymous_22)
FNDA:0,(anonymous_23)
FNDA:0,(anonymous_24)
FNDA:0,(anonymous_25)
DA:26,1
DA:27,4
DA:28,4
DA:29,4
DA:31,4
DA:33,43
DA:35,36
DA:36,12
DA:37,12
DA:41,4
DA:44,1
DA:45,3
DA:46,3
DA:47,3
DA:49,3
DA:50,3
DA:51,27
DA:52,27
DA:55,3
DA:57,72
DA:58,4
DA:59,3
DA:61,4
DA:64,3
DA:67,1
DA:68,3
DA:69,3
DA:71,3
DA:73,3
DA:74,27
DA:77,36
DA:79,27
DA:80,4
DA:81,4
DA:84,33
DA:86,27
DA:87,4
DA:88,4
DA:91,27
DA:92,7
DA:96,3
DA:102,3
DA:104,1
DA:108,3
DA:109,3
DA:111,3
DA:113,3
DA:115,27
DA:117,27
DA:118,9
DA:119,9
DA:123,3
DA:126,1
DA:127,1
DA:128,1
DA:132,1
DA:135,1
DA:136,0
DA:138,1
DA:139,0
DA:141,1
DA:142,0
DA:144,1
DA:145,0
DA:146,0
DA:147,0
DA:148,0
DA:149,0
DA:150,0
LF:69
LH:60
BRDA:35,0,0,12
BRDA:58,1,0,3
BRDA:58,2,0,4
BRDA:58,2,1,4
BRDA:61,3,0,4
BRDA:61,3,1,0
BRDA:79,4,0,4
BRDA:86,5,0,4
BRDA:91,6,0,7
BRDA:117,7,0,9
BRDA:142,8,0,0
BRDA:142,8,1,0
BRF:12
BRH:9
end_of_record
